2023-06-09 15:29:43,599 - INFO - 节点1在2023-06-09 15:29:42.639960:上线
2023-06-09 15:31:53,795 - INFO - 节点1在2023-06-09 15:31:52.853293:下线
2023-06-10 21:15:19,198 - INFO - 节点1在2023-06-10 21:15:18.204274:上线
2023-06-10 21:17:30,568 - INFO - 节点1在2023-06-10 21:17:29.701072:下线
2023-06-10 22:14:56,366 - INFO - 节点1在2023-06-10 22:14:55.425091:上线
2023-06-10 22:17:57,125 - INFO - D:\linux\long\showinfo_6.8\showinfo\base\views.py changed, reloading.
2023-06-10 22:17:59,773 - INFO - 节点1在2023-06-10 22:17:58.967839:下线
2023-06-10 22:18:02,152 - INFO - 节点1在2023-06-10 22:18:01.209059:上线
2023-06-10 22:19:42,857 - INFO - D:\linux\long\showinfo_6.8\showinfo\base\views.py changed, reloading.
2023-06-10 22:19:48,425 - INFO - 节点1在2023-06-10 22:19:47.528724:上线
2023-06-10 22:22:46,990 - INFO - D:\linux\long\showinfo_6.8\showinfo\base\views.py changed, reloading.
2023-06-10 22:22:48,917 - INFO - 节点3在2023-06-10 22:22:48.917639:电池异常 温度异常 湿度异常 光照异常 
2023-06-10 22:22:48,919 - INFO - 节点2在2023-06-10 22:22:48.919592:电池异常 湿度异常 光照异常 
2023-06-10 22:22:48,937 - INFO - 节点1在2023-06-10 22:22:48.937161:电池异常 
2023-06-10 22:22:48,953 - INFO - 节点3在2023-06-10 22:22:48.953753:电池异常 温度异常 湿度异常 光照异常 
2023-06-10 22:22:48,954 - INFO - 节点2在2023-06-10 22:22:48.954729:电池异常 湿度异常 光照异常 
2023-06-10 22:22:48,983 - INFO - 节点2在2023-06-10 22:22:48.983061:电池异常 湿度异常 光照异常 
2023-06-10 22:22:48,984 - INFO - 节点3在2023-06-10 22:22:48.984007:电池异常 温度异常 湿度异常 光照异常 
2023-06-10 22:22:48,989 - INFO - 节点1在2023-06-10 22:22:48.989868:电池异常 
2023-06-10 22:22:49,008 - INFO - 节点2在2023-06-10 22:22:49.008409:电池异常 湿度异常 光照异常 
2023-06-10 22:22:49,015 - INFO - 节点3在2023-06-10 22:22:49.015240:电池异常 温度异常 湿度异常 光照异常 
2023-06-10 22:22:49,021 - INFO - 节点1在2023-06-10 22:22:49.021096:电池异常 
2023-06-10 22:22:49,031 - INFO - 节点1在2023-06-10 22:22:49.031832:电池异常 
2023-06-10 22:22:49,402 - INFO - 节点3在2023-06-10 22:22:49.402913:电池异常 温度异常 湿度异常 光照异常 
2023-06-10 22:22:49,404 - INFO - 节点2在2023-06-10 22:22:49.404867:电池异常 湿度异常 光照异常 
2023-06-10 22:22:49,416 - INFO - 节点1在2023-06-10 22:22:49.416612:电池异常 
2023-06-10 22:22:49,904 - INFO - 节点2在2023-06-10 22:22:49.904909:电池异常 湿度异常 光照异常 
2023-06-10 22:22:49,904 - INFO - 节点3在2023-06-10 22:22:49.904909:电池异常 温度异常 湿度异常 光照异常 
2023-06-10 22:22:49,917 - INFO - 节点1在2023-06-10 22:22:49.917598:电池异常 
2023-06-10 22:22:49,944 - INFO - 节点1在2023-06-10 22:22:48.952776:下线
2023-06-10 22:22:50,404 - INFO - 节点2在2023-06-10 22:22:50.404542:电池异常 湿度异常 光照异常 
2023-06-10 22:22:50,404 - INFO - 节点3在2023-06-10 22:22:50.404542:电池异常 温度异常 湿度异常 光照异常 
2023-06-10 22:22:50,411 - INFO - 节点1在2023-06-10 22:22:50.411375:电池异常 
2023-06-10 22:22:51,125 - INFO - 节点2在2023-06-10 22:22:51.125454:电池异常 湿度异常 光照异常 
2023-06-10 22:22:51,129 - INFO - 节点3在2023-06-10 22:22:51.129359:电池异常 温度异常 湿度异常 光照异常 
2023-06-10 22:22:51,133 - INFO - 节点1在2023-06-10 22:22:51.133262:电池异常 
2023-06-10 22:22:51,408 - INFO - 节点3在2023-06-10 22:22:51.408026:电池异常 温度异常 湿度异常 光照异常 
2023-06-10 22:22:51,408 - INFO - 节点2在2023-06-10 22:22:51.408026:电池异常 湿度异常 光照异常 
2023-06-10 22:22:51,423 - INFO - 节点1在2023-06-10 22:22:51.423930:电池异常 
2023-06-10 22:22:51,902 - INFO - 节点3在2023-06-10 22:22:51.902929:电池异常 温度异常 湿度异常 光照异常 
2023-06-10 22:22:51,905 - INFO - 节点2在2023-06-10 22:22:51.905858:电池异常 湿度异常 光照异常 
2023-06-10 22:22:51,915 - INFO - 节点1在2023-06-10 22:22:51.915664:电池异常 
2023-06-10 22:22:51,939 - INFO - 节点1在2023-06-10 22:22:51.133262:上线
2023-06-10 22:22:52,484 - INFO - 节点3在2023-06-10 22:22:52.484865:电池异常 温度异常 湿度异常 光照异常 
2023-06-10 22:22:52,490 - INFO - 节点1在2023-06-10 22:22:52.490721:电池异常 
2023-06-10 22:22:52,511 - INFO - 节点2在2023-06-10 22:22:52.511822:电池异常 湿度异常 光照异常 
2023-06-10 22:22:52,909 - INFO - 节点3在2023-06-10 22:22:52.909557:电池异常 温度异常 湿度异常 光照异常 
2023-06-10 22:22:52,910 - INFO - 节点2在2023-06-10 22:22:52.910532:电池异常 湿度异常 光照异常 
2023-06-10 22:22:52,917 - INFO - 节点1在2023-06-10 22:22:52.917366:电池异常 
2023-06-10 22:22:53,403 - INFO - 节点3在2023-06-10 22:22:53.403414:电池异常 温度异常 湿度异常 光照异常 
2023-06-10 22:22:53,410 - INFO - 节点2在2023-06-10 22:22:53.410246:电池异常 湿度异常 光照异常 
2023-06-10 22:22:53,413 - INFO - 节点1在2023-06-10 22:22:53.413173:电池异常 
2023-06-10 22:22:54,031 - INFO - 节点3在2023-06-10 22:22:54.031298:电池异常 温度异常 湿度异常 光照异常 
2023-06-10 22:22:54,062 - INFO - 节点2在2023-06-10 22:22:54.062533:电池异常 湿度异常 光照异常 
2023-06-10 22:22:54,065 - INFO - 节点1在2023-06-10 22:22:54.065458:电池异常 
2023-06-10 22:22:54,425 - INFO - 节点3在2023-06-10 22:22:54.425719:电池异常 温度异常 湿度异常 光照异常 
2023-06-10 22:22:54,432 - INFO - 节点2在2023-06-10 22:22:54.432561:电池异常 湿度异常 光照异常 
2023-06-10 22:22:54,440 - INFO - 节点1在2023-06-10 22:22:54.440390:电池异常 
2023-06-10 22:22:54,913 - INFO - 节点2在2023-06-10 22:22:54.913299:电池异常 湿度异常 光照异常 
2023-06-10 22:22:54,915 - INFO - 节点3在2023-06-10 22:22:54.915253:电池异常 温度异常 湿度异常 光照异常 
2023-06-10 22:22:54,921 - INFO - 节点1在2023-06-10 22:22:54.921108:电池异常 
2023-06-10 22:22:55,515 - INFO - 节点3在2023-06-10 22:22:55.515043:电池异常 温度异常 湿度异常 光照异常 
2023-06-10 22:22:55,517 - INFO - 节点2在2023-06-10 22:22:55.517971:电池异常 湿度异常 光照异常 
2023-06-10 22:22:55,520 - INFO - 节点1在2023-06-10 22:22:55.520899:电池异常 
2023-06-10 22:22:55,904 - INFO - 节点2在2023-06-10 22:22:55.904466:电池异常 湿度异常 光照异常 
2023-06-10 22:22:55,907 - INFO - 节点3在2023-06-10 22:22:55.907396:电池异常 温度异常 湿度异常 光照异常 
2023-06-10 22:22:55,910 - INFO - 节点1在2023-06-10 22:22:55.910327:电池异常 
2023-06-10 22:22:56,456 - INFO - 节点3在2023-06-10 22:22:56.456261:电池异常 温度异常 湿度异常 光照异常 
2023-06-10 22:22:56,463 - INFO - 节点2在2023-06-10 22:22:56.463094:电池异常 湿度异常 光照异常 
2023-06-10 22:22:56,465 - INFO - 节点1在2023-06-10 22:22:56.465046:电池异常 
2023-06-10 22:22:56,908 - INFO - 节点2在2023-06-10 22:22:56.908951:电池异常 湿度异常 光照异常 
2023-06-10 22:22:56,911 - INFO - 节点3在2023-06-10 22:22:56.911880:电池异常 温度异常 湿度异常 光照异常 
2023-06-10 22:22:56,916 - INFO - 节点1在2023-06-10 22:22:56.916761:电池异常 
2023-06-10 22:22:57,408 - INFO - 节点2在2023-06-10 22:22:57.408034:电池异常 湿度异常 光照异常 
2023-06-10 22:22:57,409 - INFO - 节点3在2023-06-10 22:22:57.409011:电池异常 温度异常 湿度异常 光照异常 
2023-06-10 22:22:57,410 - INFO - 节点1在2023-06-10 22:22:57.410963:电池异常 
2023-06-10 22:22:57,905 - INFO - 节点3在2023-06-10 22:22:57.905996:电池异常 温度异常 湿度异常 光照异常 
2023-06-10 22:22:57,906 - INFO - 节点2在2023-06-10 22:22:57.906974:电池异常 湿度异常 光照异常 
2023-06-10 22:22:57,917 - INFO - 节点1在2023-06-10 22:22:57.917715:电池异常 
2023-06-10 22:22:58,407 - INFO - 节点2在2023-06-10 22:22:58.407974:电池异常 湿度异常 光照异常 
2023-06-10 22:22:58,408 - INFO - 节点3在2023-06-10 22:22:58.408951:电池异常 温度异常 湿度异常 光照异常 
2023-06-10 22:22:58,413 - INFO - 节点1在2023-06-10 22:22:58.413831:电池异常 
2023-06-10 22:22:58,903 - INFO - 节点2在2023-06-10 22:22:58.903593:电池异常 湿度异常 光照异常 
2023-06-10 22:22:58,912 - INFO - 节点3在2023-06-10 22:22:58.912347:电池异常 温度异常 湿度异常 光照异常 
2023-06-10 22:22:58,917 - INFO - 节点1在2023-06-10 22:22:58.917227:电池异常 
2023-06-10 22:22:59,405 - INFO - 节点3在2023-06-10 22:22:59.405613:电池异常 温度异常 湿度异常 光照异常 
2023-06-10 22:22:59,408 - INFO - 节点2在2023-06-10 22:22:59.408542:电池异常 湿度异常 光照异常 
2023-06-10 22:22:59,411 - INFO - 节点1在2023-06-10 22:22:59.411469:电池异常 
2023-06-10 22:22:59,907 - INFO - 节点2在2023-06-10 22:22:59.907849:电池异常 湿度异常 光照异常 
2023-06-10 22:22:59,908 - INFO - 节点3在2023-06-10 22:22:59.908825:电池异常 温度异常 湿度异常 光照异常 
2023-06-10 22:22:59,915 - INFO - 节点1在2023-06-10 22:22:59.915664:电池异常 
2023-06-10 22:23:00,545 - INFO - 节点2在2023-06-10 22:23:00.545515:电池异常 湿度异常 光照异常 
2023-06-10 22:23:00,547 - INFO - 节点3在2023-06-10 22:23:00.547467:电池异常 温度异常 湿度异常 光照异常 
2023-06-10 22:23:00,549 - INFO - 节点1在2023-06-10 22:23:00.549419:电池异常 
2023-06-10 22:23:00,906 - INFO - 节点2在2023-06-10 22:23:00.906048:电池异常 湿度异常 光照异常 
2023-06-10 22:23:00,907 - INFO - 节点3在2023-06-10 22:23:00.907025:电池异常 温度异常 湿度异常 光照异常 
2023-06-10 22:23:00,914 - INFO - 节点1在2023-06-10 22:23:00.914836:电池异常 
2023-06-10 22:23:01,402 - INFO - 节点3在2023-06-10 22:23:01.402310:电池异常 温度异常 湿度异常 光照异常 
2023-06-10 22:23:01,405 - INFO - 节点2在2023-06-10 22:23:01.405254:电池异常 湿度异常 光照异常 
2023-06-10 22:23:01,411 - INFO - 节点1在2023-06-10 22:23:01.411093:电池异常 
2023-06-10 22:23:01,905 - INFO - 节点2在2023-06-10 22:23:01.905992:电池异常 湿度异常 光照异常 
2023-06-10 22:23:01,908 - INFO - 节点3在2023-06-10 22:23:01.907947:电池异常 温度异常 湿度异常 光照异常 
2023-06-10 22:23:01,913 - INFO - 节点1在2023-06-10 22:23:01.913802:电池异常 
2023-06-10 22:23:02,408 - INFO - 节点2在2023-06-10 22:23:02.408410:电池异常 湿度异常 光照异常 
2023-06-10 22:23:02,408 - INFO - 节点3在2023-06-10 22:23:02.408410:电池异常 温度异常 湿度异常 光照异常 
2023-06-10 22:23:02,413 - INFO - 节点1在2023-06-10 22:23:02.413290:电池异常 
2023-06-10 22:23:02,908 - INFO - 节点3在2023-06-10 22:23:02.908238:电池异常 温度异常 湿度异常 光照异常 
2023-06-10 22:23:02,908 - INFO - 节点2在2023-06-10 22:23:02.908238:电池异常 湿度异常 光照异常 
2023-06-10 22:23:02,911 - INFO - 节点1在2023-06-10 22:23:02.911164:电池异常 
2023-06-10 22:23:03,403 - INFO - 节点3在2023-06-10 22:23:03.403583:电池异常 温度异常 湿度异常 光照异常 
2023-06-10 22:23:03,405 - INFO - 节点2在2023-06-10 22:23:03.405561:电池异常 湿度异常 光照异常 
2023-06-10 22:23:03,410 - INFO - 节点1在2023-06-10 22:23:03.410415:电池异常 
2023-06-10 22:23:03,905 - INFO - 节点3在2023-06-10 22:23:03.905733:电池异常 温度异常 湿度异常 光照异常 
2023-06-10 22:23:03,905 - INFO - 节点2在2023-06-10 22:23:03.905733:电池异常 湿度异常 光照异常 
2023-06-10 22:23:03,911 - INFO - 节点1在2023-06-10 22:23:03.911591:电池异常 
2023-06-10 22:23:04,407 - INFO - 节点2在2023-06-10 22:23:04.407013:电池异常 湿度异常 光照异常 
2023-06-10 22:23:04,407 - INFO - 节点3在2023-06-10 22:23:04.407013:电池异常 温度异常 湿度异常 光照异常 
2023-06-10 22:23:04,411 - INFO - 节点1在2023-06-10 22:23:04.411894:电池异常 
2023-06-10 22:23:04,906 - INFO - 节点3在2023-06-10 22:23:04.906742:电池异常 温度异常 湿度异常 光照异常 
2023-06-10 22:23:04,907 - INFO - 节点2在2023-06-10 22:23:04.907717:电池异常 湿度异常 光照异常 
2023-06-10 22:23:04,911 - INFO - 节点1在2023-06-10 22:23:04.911622:电池异常 
2023-06-10 22:23:05,406 - INFO - 节点2在2023-06-10 22:23:05.406179:电池异常 湿度异常 光照异常 
2023-06-10 22:23:05,407 - INFO - 节点3在2023-06-10 22:23:05.407190:电池异常 温度异常 湿度异常 光照异常 
2023-06-10 22:23:05,412 - INFO - 节点1在2023-06-10 22:23:05.412036:电池异常 
2023-06-10 22:23:05,907 - INFO - 节点2在2023-06-10 22:23:05.907421:电池异常 湿度异常 光照异常 
2023-06-10 22:23:05,908 - INFO - 节点3在2023-06-10 22:23:05.908396:电池异常 温度异常 湿度异常 光照异常 
2023-06-10 22:23:05,912 - INFO - 节点1在2023-06-10 22:23:05.912300:电池异常 
2023-06-10 22:23:06,406 - INFO - 节点3在2023-06-10 22:23:06.406194:电池异常 温度异常 湿度异常 光照异常 
2023-06-10 22:23:06,406 - INFO - 节点2在2023-06-10 22:23:06.406194:电池异常 湿度异常 光照异常 
2023-06-10 22:23:06,412 - INFO - 节点1在2023-06-10 22:23:06.412050:电池异常 
2023-06-10 22:23:06,906 - INFO - 节点2在2023-06-10 22:23:06.906684:电池异常 湿度异常 光照异常 
2023-06-10 22:23:06,908 - INFO - 节点3在2023-06-10 22:23:06.908636:电池异常 温度异常 湿度异常 光照异常 
2023-06-10 22:23:06,912 - INFO - 节点1在2023-06-10 22:23:06.912540:电池异常 
2023-06-10 22:23:07,410 - INFO - 节点3在2023-06-10 22:23:07.410300:电池异常 温度异常 湿度异常 光照异常 
2023-06-10 22:23:07,412 - INFO - 节点2在2023-06-10 22:23:07.412254:电池异常 湿度异常 光照异常 
2023-06-10 22:23:07,422 - INFO - 节点1在2023-06-10 22:23:07.422012:电池异常 
2023-06-10 22:23:07,912 - INFO - 节点2在2023-06-10 22:23:07.912495:电池异常 湿度异常 光照异常 
2023-06-10 22:23:07,913 - INFO - 节点3在2023-06-10 22:23:07.913472:电池异常 温度异常 湿度异常 光照异常 
2023-06-10 22:23:07,919 - INFO - 节点1在2023-06-10 22:23:07.919328:电池异常 
2023-06-10 22:23:08,410 - INFO - 节点3在2023-06-10 22:23:08.410255:电池异常 温度异常 湿度异常 光照异常 
2023-06-10 22:23:08,418 - INFO - 节点2在2023-06-10 22:23:08.418064:电池异常 湿度异常 光照异常 
2023-06-10 22:23:08,422 - INFO - 节点1在2023-06-10 22:23:08.422944:电池异常 
2023-06-10 22:23:08,914 - INFO - 节点3在2023-06-10 22:23:08.914524:电池异常 温度异常 湿度异常 光照异常 
2023-06-10 22:23:08,915 - INFO - 节点2在2023-06-10 22:23:08.915500:电池异常 湿度异常 光照异常 
2023-06-10 22:23:08,922 - INFO - 节点1在2023-06-10 22:23:08.922333:电池异常 
2023-06-10 22:23:09,417 - INFO - 节点3在2023-06-10 22:23:09.417165:电池异常 温度异常 湿度异常 光照异常 
2023-06-10 22:23:09,419 - INFO - 节点2在2023-06-10 22:23:09.419117:电池异常 湿度异常 光照异常 
2023-06-10 22:23:09,423 - INFO - 节点1在2023-06-10 22:23:09.423021:电池异常 
2023-06-10 22:23:09,929 - INFO - 节点2在2023-06-10 22:23:09.929139:电池异常 湿度异常 光照异常 
2023-06-10 22:23:09,930 - INFO - 节点3在2023-06-10 22:23:09.930115:电池异常 温度异常 湿度异常 光照异常 
2023-06-10 22:23:09,937 - INFO - 节点1在2023-06-10 22:23:09.937923:电池异常 
2023-06-10 22:23:10,157 - INFO - D:\linux\long\showinfo_6.8\showinfo\base\views.py changed, reloading.
2023-06-10 22:23:13,423 - INFO - 节点3在2023-06-10 22:23:13.423082:电池异常 温度异常 湿度异常 光照异常 
2023-06-10 22:23:13,425 - INFO - 节点2在2023-06-10 22:23:13.425012:电池异常 湿度异常 光照异常 
2023-06-10 22:23:13,462 - INFO - 节点3在2023-06-10 22:23:13.462131:电池异常 温度异常 湿度异常 光照异常 
2023-06-10 22:23:13,466 - INFO - 节点2在2023-06-10 22:23:13.466003:电池异常 湿度异常 光照异常 
2023-06-10 22:23:13,467 - INFO - 节点1在2023-06-10 22:23:13.467957:电池异常 
2023-06-10 22:23:13,518 - INFO - 节点3在2023-06-10 22:23:13.517445:电池异常 温度异常 湿度异常 光照异常 
2023-06-10 22:23:13,531 - INFO - 节点2在2023-06-10 22:23:13.531108:电池异常 湿度异常 光照异常 
2023-06-10 22:23:13,555 - INFO - 节点1在2023-06-10 22:23:13.555508:电池异常 
2023-06-10 22:23:13,565 - INFO - 节点3在2023-06-10 22:23:13.565268:电池异常 温度异常 湿度异常 光照异常 
2023-06-10 22:23:13,570 - INFO - 节点2在2023-06-10 22:23:13.570148:电池异常 湿度异常 光照异常 
2023-06-10 22:23:13,617 - INFO - 节点3在2023-06-10 22:23:13.617973:电池异常 温度异常 湿度异常 光照异常 
2023-06-10 22:23:13,626 - INFO - 节点2在2023-06-10 22:23:13.626757:电池异常 湿度异常 光照异常 
2023-06-10 22:23:13,643 - INFO - 节点1在2023-06-10 22:23:13.643349:电池异常 
2023-06-10 22:23:13,657 - INFO - 节点3在2023-06-10 22:23:13.657013:电池异常 温度异常 湿度异常 光照异常 
2023-06-10 22:23:13,657 - INFO - 节点2在2023-06-10 22:23:13.657988:电池异常 湿度异常 光照异常 
2023-06-10 22:23:13,672 - INFO - 节点1在2023-06-10 22:23:13.672628:电池异常 
2023-06-10 22:23:13,690 - INFO - 节点1在2023-06-10 22:23:13.690196:电池异常 
2023-06-10 22:23:13,701 - INFO - 节点1在2023-06-10 22:23:13.701908:电池异常 
2023-06-10 22:23:13,914 - INFO - 节点2在2023-06-10 22:23:13.914676:电池异常 湿度异常 光照异常 
2023-06-10 22:23:13,915 - INFO - 节点3在2023-06-10 22:23:13.915652:电池异常 温度异常 湿度异常 光照异常 
2023-06-10 22:23:13,931 - INFO - 节点1在2023-06-10 22:23:13.931268:电池异常 
2023-06-10 22:23:14,264 - INFO - 节点1在2023-06-10 22:23:13.466980:下线
2023-06-10 22:23:14,484 - INFO - 节点3在2023-06-10 22:23:14.484661:电池异常 温度异常 湿度异常 光照异常 
2023-06-10 22:23:14,500 - INFO - 节点2在2023-06-10 22:23:14.500087:电池异常 湿度异常 光照异常 
2023-06-10 22:23:14,506 - INFO - 节点1在2023-06-10 22:23:14.506919:电池异常 
2023-06-10 22:23:14,863 - INFO - 节点1在2023-06-10 22:23:13.950789:上线
2023-06-10 22:23:14,907 - INFO - 节点3在2023-06-10 22:23:14.907143:电池异常 温度异常 湿度异常 光照异常 
2023-06-10 22:23:14,909 - INFO - 节点2在2023-06-10 22:23:14.909094:电池异常 湿度异常 光照异常 
2023-06-10 22:23:14,912 - INFO - 节点1在2023-06-10 22:23:14.912998:电池异常 
2023-06-10 22:23:15,568 - INFO - 节点3在2023-06-10 22:23:15.568352:电池异常 温度异常 湿度异常 光照异常 
2023-06-10 22:23:15,580 - INFO - 节点2在2023-06-10 22:23:15.580064:电池异常 湿度异常 光照异常 
2023-06-10 22:23:15,588 - INFO - 节点1在2023-06-10 22:23:15.588849:电池异常 
2023-06-10 22:23:15,905 - INFO - 节点2在2023-06-10 22:23:15.905663:电池异常 湿度异常 光照异常 
2023-06-10 22:23:15,908 - INFO - 节点3在2023-06-10 22:23:15.908559:电池异常 温度异常 湿度异常 光照异常 
2023-06-10 22:23:15,915 - INFO - 节点1在2023-06-10 22:23:15.915422:电池异常 
2023-06-10 22:23:16,454 - INFO - 节点3在2023-06-10 22:23:16.454592:电池异常 温度异常 湿度异常 光照异常 
2023-06-10 22:23:16,462 - INFO - 节点2在2023-06-10 22:23:16.462400:电池异常 湿度异常 光照异常 
2023-06-10 22:23:16,465 - INFO - 节点1在2023-06-10 22:23:16.465328:电池异常 
2023-06-10 22:23:16,907 - INFO - 节点3在2023-06-10 22:23:16.907889:电池异常 温度异常 湿度异常 光照异常 
2023-06-10 22:23:16,907 - INFO - 节点2在2023-06-10 22:23:16.907889:电池异常 湿度异常 光照异常 
2023-06-10 22:23:16,913 - INFO - 节点1在2023-06-10 22:23:16.913746:电池异常 
2023-06-10 22:23:17,409 - INFO - 节点3在2023-06-10 22:23:17.409365:电池异常 温度异常 湿度异常 光照异常 
2023-06-10 22:23:17,414 - INFO - 节点2在2023-06-10 22:23:17.414245:电池异常 湿度异常 光照异常 
2023-06-10 22:23:17,418 - INFO - 节点1在2023-06-10 22:23:17.418150:电池异常 
2023-06-10 22:23:17,987 - INFO - 节点2在2023-06-10 22:23:17.987835:电池异常 湿度异常 光照异常 
2023-06-10 22:23:17,989 - INFO - 节点3在2023-06-10 22:23:17.989787:电池异常 温度异常 湿度异常 光照异常 
2023-06-10 22:23:17,994 - INFO - 节点1在2023-06-10 22:23:17.994667:电池异常 
2023-06-10 22:23:18,406 - INFO - 节点3在2023-06-10 22:23:18.406100:电池异常 温度异常 湿度异常 光照异常 
2023-06-10 22:23:18,409 - INFO - 节点2在2023-06-10 22:23:18.409028:电池异常 湿度异常 光照异常 
2023-06-10 22:23:18,412 - INFO - 节点1在2023-06-10 22:23:18.412933:电池异常 
2023-06-10 22:23:18,910 - INFO - 节点3在2023-06-10 22:23:18.910864:电池异常 温度异常 湿度异常 光照异常 
2023-06-10 22:23:18,911 - INFO - 节点2在2023-06-10 22:23:18.911839:电池异常 湿度异常 光照异常 
2023-06-10 22:23:18,913 - INFO - 节点1在2023-06-10 22:23:18.913791:电池异常 
2023-06-10 22:23:19,430 - INFO - 节点3在2023-06-10 22:23:19.430185:电池异常 温度异常 湿度异常 光照异常 
2023-06-10 22:23:19,433 - INFO - 节点2在2023-06-10 22:23:19.433113:电池异常 湿度异常 光照异常 
2023-06-10 22:23:19,437 - INFO - 节点1在2023-06-10 22:23:19.437018:电池异常 
2023-06-10 22:23:20,125 - INFO - 节点3在2023-06-10 22:23:20.125989:电池异常 温度异常 湿度异常 光照异常 
2023-06-10 22:23:20,127 - INFO - 节点2在2023-06-10 22:23:20.127942:电池异常 湿度异常 光照异常 
2023-06-10 22:23:20,130 - INFO - 节点1在2023-06-10 22:23:20.130870:电池异常 
2023-06-10 22:23:20,408 - INFO - 节点3在2023-06-10 22:23:20.408804:电池异常 温度异常 湿度异常 光照异常 
2023-06-10 22:23:20,409 - INFO - 节点2在2023-06-10 22:23:20.409781:电池异常 湿度异常 光照异常 
2023-06-10 22:23:20,421 - INFO - 节点1在2023-06-10 22:23:20.421492:电池异常 
2023-06-10 22:23:20,905 - INFO - 节点2在2023-06-10 22:23:20.905775:电池异常 湿度异常 光照异常 
2023-06-10 22:23:20,905 - INFO - 节点3在2023-06-10 22:23:20.905775:电池异常 温度异常 湿度异常 光照异常 
2023-06-10 22:23:20,912 - INFO - 节点1在2023-06-10 22:23:20.912575:电池异常 
2023-06-10 22:23:21,457 - INFO - 节点3在2023-06-10 22:23:21.457171:电池异常 温度异常 湿度异常 光照异常 
2023-06-10 22:23:21,464 - INFO - 节点2在2023-06-10 22:23:21.464001:电池异常 湿度异常 光照异常 
2023-06-10 22:23:21,466 - INFO - 节点1在2023-06-10 22:23:21.466930:电池异常 
2023-06-10 22:23:21,907 - INFO - 节点3在2023-06-10 22:23:21.907742:电池异常 温度异常 湿度异常 光照异常 
2023-06-10 22:23:21,908 - INFO - 节点2在2023-06-10 22:23:21.908718:电池异常 湿度异常 光照异常 
2023-06-10 22:23:21,914 - INFO - 节点1在2023-06-10 22:23:21.914574:电池异常 
2023-06-10 22:23:22,409 - INFO - 节点3在2023-06-10 22:23:22.409407:电池异常 温度异常 湿度异常 光照异常 
2023-06-10 22:23:22,411 - INFO - 节点2在2023-06-10 22:23:22.411358:电池异常 湿度异常 光照异常 
2023-06-10 22:23:22,415 - INFO - 节点1在2023-06-10 22:23:22.415265:电池异常 
2023-06-10 22:23:22,905 - INFO - 节点3在2023-06-10 22:23:22.905165:电池异常 温度异常 湿度异常 光照异常 
2023-06-10 22:23:22,907 - INFO - 节点2在2023-06-10 22:23:22.907118:电池异常 湿度异常 光照异常 
2023-06-10 22:23:22,911 - INFO - 节点1在2023-06-10 22:23:22.911022:电池异常 
2023-06-10 22:23:23,403 - INFO - 节点3在2023-06-10 22:23:23.403901:电池异常 温度异常 湿度异常 光照异常 
2023-06-10 22:23:23,404 - INFO - 节点2在2023-06-10 22:23:23.404878:电池异常 湿度异常 光照异常 
2023-06-10 22:23:23,411 - INFO - 节点1在2023-06-10 22:23:23.411709:电池异常 
2023-06-10 22:23:23,919 - INFO - 节点3在2023-06-10 22:23:23.919113:电池异常 温度异常 湿度异常 光照异常 
2023-06-10 22:23:23,924 - INFO - 节点1在2023-06-10 22:23:23.924968:电池异常 
2023-06-10 22:23:23,925 - INFO - 节点2在2023-06-10 22:23:23.925944:电池异常 湿度异常 光照异常 
2023-06-10 22:23:24,405 - INFO - 节点3在2023-06-10 22:23:24.405159:电池异常 温度异常 湿度异常 光照异常 
2023-06-10 22:23:24,407 - INFO - 节点2在2023-06-10 22:23:24.407112:电池异常 湿度异常 光照异常 
2023-06-10 22:23:24,412 - INFO - 节点1在2023-06-10 22:23:24.412969:电池异常 
2023-06-10 22:23:24,906 - INFO - 节点3在2023-06-10 22:23:24.906918:电池异常 温度异常 湿度异常 光照异常 
2023-06-10 22:23:24,906 - INFO - 节点2在2023-06-10 22:23:24.906918:电池异常 湿度异常 光照异常 
2023-06-10 22:23:24,911 - INFO - 节点1在2023-06-10 22:23:24.911799:电池异常 
2023-06-10 22:23:25,406 - INFO - 节点3在2023-06-10 22:23:25.406543:电池异常 温度异常 湿度异常 光照异常 
2023-06-10 22:23:25,408 - INFO - 节点2在2023-06-10 22:23:25.408496:电池异常 湿度异常 光照异常 
2023-06-10 22:23:25,414 - INFO - 节点1在2023-06-10 22:23:25.414351:电池异常 
2023-06-10 22:23:25,910 - INFO - 节点3在2023-06-10 22:23:25.910681:电池异常 温度异常 湿度异常 光照异常 
2023-06-10 22:23:25,911 - INFO - 节点2在2023-06-10 22:23:25.911656:电池异常 湿度异常 光照异常 
2023-06-10 22:23:25,919 - INFO - 节点1在2023-06-10 22:23:25.919466:电池异常 
2023-06-10 22:23:26,408 - INFO - 节点3在2023-06-10 22:23:26.408532:电池异常 温度异常 湿度异常 光照异常 
2023-06-10 22:23:26,408 - INFO - 节点2在2023-06-10 22:23:26.408532:电池异常 湿度异常 光照异常 
2023-06-10 22:23:26,413 - INFO - 节点1在2023-06-10 22:23:26.413412:电池异常 
2023-06-10 22:23:26,907 - INFO - 节点2在2023-06-10 22:23:26.907802:电池异常 湿度异常 光照异常 
2023-06-10 22:23:26,909 - INFO - 节点3在2023-06-10 22:23:26.909758:电池异常 温度异常 湿度异常 光照异常 
2023-06-10 22:23:26,913 - INFO - 节点1在2023-06-10 22:23:26.913658:电池异常 
2023-06-10 22:23:27,405 - INFO - 节点3在2023-06-10 22:23:27.405561:电池异常 温度异常 湿度异常 光照异常 
2023-06-10 22:23:27,408 - INFO - 节点2在2023-06-10 22:23:27.408489:电池异常 湿度异常 光照异常 
2023-06-10 22:23:27,411 - INFO - 节点1在2023-06-10 22:23:27.411419:电池异常 
2023-06-10 22:23:27,908 - INFO - 节点2在2023-06-10 22:23:27.908181:电池异常 湿度异常 光照异常 
2023-06-10 22:23:27,914 - INFO - 节点3在2023-06-10 22:23:27.914036:电池异常 温度异常 湿度异常 光照异常 
2023-06-10 22:23:27,918 - INFO - 节点1在2023-06-10 22:23:27.918917:电池异常 
2023-06-10 22:23:28,412 - INFO - 节点3在2023-06-10 22:23:28.412772:电池异常 温度异常 湿度异常 光照异常 
2023-06-10 22:23:28,413 - INFO - 节点2在2023-06-10 22:23:28.413748:电池异常 湿度异常 光照异常 
2023-06-10 22:23:28,419 - INFO - 节点1在2023-06-10 22:23:28.419605:电池异常 
2023-06-10 22:23:28,906 - INFO - 节点3在2023-06-10 22:23:28.906081:电池异常 温度异常 湿度异常 光照异常 
2023-06-10 22:23:28,908 - INFO - 节点2在2023-06-10 22:23:28.908050:电池异常 湿度异常 光照异常 
2023-06-10 22:23:28,912 - INFO - 节点1在2023-06-10 22:23:28.912914:电池异常 
2023-06-10 22:23:29,407 - INFO - 节点3在2023-06-10 22:23:29.407747:电池异常 温度异常 湿度异常 光照异常 
2023-06-10 22:23:29,410 - INFO - 节点2在2023-06-10 22:23:29.410673:电池异常 湿度异常 光照异常 
2023-06-10 22:23:29,418 - INFO - 节点1在2023-06-10 22:23:29.418483:电池异常 
2023-06-10 22:23:29,905 - INFO - 节点2在2023-06-10 22:23:29.905654:电池异常 湿度异常 光照异常 
2023-06-10 22:23:29,907 - INFO - 节点3在2023-06-10 22:23:29.907574:电池异常 温度异常 湿度异常 光照异常 
2023-06-10 22:23:29,913 - INFO - 节点1在2023-06-10 22:23:29.913430:电池异常 
2023-06-10 22:23:30,438 - INFO - 节点3在2023-06-10 22:23:30.438552:电池异常 温度异常 湿度异常 光照异常 
2023-06-10 22:23:30,446 - INFO - 节点2在2023-06-10 22:23:30.446328:电池异常 湿度异常 光照异常 
2023-06-10 22:23:30,455 - INFO - 节点1在2023-06-10 22:23:30.455111:电池异常 
2023-06-10 22:23:30,908 - INFO - 节点3在2023-06-10 22:23:30.908589:电池异常 温度异常 湿度异常 光照异常 
2023-06-10 22:23:30,913 - INFO - 节点2在2023-06-10 22:23:30.912491:电池异常 湿度异常 光照异常 
2023-06-10 22:23:30,915 - INFO - 节点1在2023-06-10 22:23:30.915419:电池异常 
2023-06-10 22:23:31,409 - INFO - 节点2在2023-06-10 22:23:31.409276:电池异常 湿度异常 光照异常 
2023-06-10 22:23:31,411 - INFO - 节点3在2023-06-10 22:23:31.411230:电池异常 温度异常 湿度异常 光照异常 
2023-06-10 22:23:31,415 - INFO - 节点1在2023-06-10 22:23:31.415133:电池异常 
2023-06-10 22:23:31,907 - INFO - 节点2在2023-06-10 22:23:31.907580:电池异常 湿度异常 光照异常 
2023-06-10 22:23:31,908 - INFO - 节点3在2023-06-10 22:23:31.908556:电池异常 温度异常 湿度异常 光照异常 
2023-06-10 22:23:31,912 - INFO - 节点1在2023-06-10 22:23:31.912460:电池异常 
2023-06-10 22:23:32,409 - INFO - 节点3在2023-06-10 22:23:32.409244:电池异常 温度异常 湿度异常 光照异常 
2023-06-10 22:23:32,410 - INFO - 节点2在2023-06-10 22:23:32.410221:电池异常 湿度异常 光照异常 
2023-06-10 22:23:32,416 - INFO - 节点1在2023-06-10 22:23:32.416077:电池异常 
2023-06-10 22:23:32,906 - INFO - 节点3在2023-06-10 22:23:32.906757:电池异常 温度异常 湿度异常 光照异常 
2023-06-10 22:23:32,906 - INFO - 节点2在2023-06-10 22:23:32.906757:电池异常 湿度异常 光照异常 
2023-06-10 22:23:32,911 - INFO - 节点1在2023-06-10 22:23:32.911638:电池异常 
2023-06-10 22:23:33,406 - INFO - 节点2在2023-06-10 22:23:33.406589:电池异常 湿度异常 光照异常 
2023-06-10 22:23:33,408 - INFO - 节点3在2023-06-10 22:23:33.408542:电池异常 温度异常 湿度异常 光照异常 
2023-06-10 22:23:33,412 - INFO - 节点1在2023-06-10 22:23:33.412446:电池异常 
2023-06-10 22:23:33,908 - INFO - 节点3在2023-06-10 22:23:33.908025:电池异常 温度异常 湿度异常 光照异常 
2023-06-10 22:23:33,909 - INFO - 节点2在2023-06-10 22:23:33.909001:电池异常 湿度异常 光照异常 
2023-06-10 22:23:33,913 - INFO - 节点1在2023-06-10 22:23:33.913881:电池异常 
2023-06-10 22:23:34,407 - INFO - 节点3在2023-06-10 22:23:34.407737:电池异常 温度异常 湿度异常 光照异常 
2023-06-10 22:23:34,409 - INFO - 节点2在2023-06-10 22:23:34.409689:电池异常 湿度异常 光照异常 
2023-06-10 22:23:34,421 - INFO - 节点1在2023-06-10 22:23:34.421403:电池异常 
2023-06-10 22:23:34,906 - INFO - 节点3在2023-06-10 22:23:34.906307:电池异常 温度异常 湿度异常 光照异常 
2023-06-10 22:23:34,909 - INFO - 节点2在2023-06-10 22:23:34.909234:电池异常 湿度异常 光照异常 
2023-06-10 22:23:34,911 - INFO - 节点1在2023-06-10 22:23:34.910212:电池异常 
2023-06-10 22:23:35,458 - INFO - 节点3在2023-06-10 22:23:35.458107:电池异常 温度异常 湿度异常 光照异常 
2023-06-10 22:23:35,459 - INFO - 节点2在2023-06-10 22:23:35.459083:电池异常 湿度异常 光照异常 
2023-06-10 22:23:35,465 - INFO - 节点1在2023-06-10 22:23:35.465915:电池异常 
2023-06-10 22:23:35,908 - INFO - 节点2在2023-06-10 22:23:35.908570:电池异常 湿度异常 光照异常 
2023-06-10 22:23:35,910 - INFO - 节点3在2023-06-10 22:23:35.910523:电池异常 温度异常 湿度异常 光照异常 
2023-06-10 22:23:35,916 - INFO - 节点1在2023-06-10 22:23:35.916379:电池异常 
2023-06-10 22:23:36,406 - INFO - 节点3在2023-06-10 22:23:36.406421:电池异常 温度异常 湿度异常 光照异常 
2023-06-10 22:23:36,407 - INFO - 节点2在2023-06-10 22:23:36.407397:电池异常 湿度异常 光照异常 
2023-06-10 22:23:36,413 - INFO - 节点1在2023-06-10 22:23:36.413252:电池异常 
2023-06-10 22:23:36,906 - INFO - 节点2在2023-06-10 22:23:36.906310:电池异常 湿度异常 光照异常 
2023-06-10 22:23:36,907 - INFO - 节点3在2023-06-10 22:23:36.907285:电池异常 温度异常 湿度异常 光照异常 
2023-06-10 22:23:36,913 - INFO - 节点1在2023-06-10 22:23:36.913143:电池异常 
2023-06-10 22:23:37,403 - INFO - 节点3在2023-06-10 22:23:37.403287:电池异常 温度异常 湿度异常 光照异常 
2023-06-10 22:23:37,410 - INFO - 节点2在2023-06-10 22:23:37.410119:电池异常 湿度异常 光照异常 
2023-06-10 22:23:37,413 - INFO - 节点1在2023-06-10 22:23:37.413048:电池异常 
2023-06-10 22:23:37,907 - INFO - 节点2在2023-06-10 22:23:37.907731:电池异常 湿度异常 光照异常 
2023-06-10 22:23:37,909 - INFO - 节点3在2023-06-10 22:23:37.909683:电池异常 温度异常 湿度异常 光照异常 
2023-06-10 22:23:37,911 - INFO - 节点1在2023-06-10 22:23:37.911637:电池异常 
2023-06-10 22:23:38,406 - INFO - 节点3在2023-06-10 22:23:38.406582:电池异常 温度异常 湿度异常 光照异常 
2023-06-10 22:23:38,406 - INFO - 节点2在2023-06-10 22:23:38.406582:电池异常 湿度异常 光照异常 
2023-06-10 22:23:38,410 - INFO - 节点1在2023-06-10 22:23:38.410480:电池异常 
2023-06-10 22:23:38,903 - INFO - 节点3在2023-06-10 22:23:38.903915:电池异常 温度异常 湿度异常 光照异常 
2023-06-10 22:23:38,906 - INFO - 节点2在2023-06-10 22:23:38.906842:电池异常 湿度异常 光照异常 
2023-06-10 22:23:38,914 - INFO - 节点1在2023-06-10 22:23:38.914651:电池异常 
2023-06-10 22:23:39,404 - INFO - 节点3在2023-06-10 22:23:39.404604:电池异常 温度异常 湿度异常 光照异常 
2023-06-10 22:23:39,405 - INFO - 节点2在2023-06-10 22:23:39.405580:电池异常 湿度异常 光照异常 
2023-06-10 22:23:39,413 - INFO - 节点1在2023-06-10 22:23:39.413419:电池异常 
2023-06-10 22:23:39,909 - INFO - 节点2在2023-06-10 22:23:39.909126:电池异常 湿度异常 光照异常 
2023-06-10 22:23:39,910 - INFO - 节点3在2023-06-10 22:23:39.910101:电池异常 温度异常 湿度异常 光照异常 
2023-06-10 22:23:39,913 - INFO - 节点1在2023-06-10 22:23:39.913028:电池异常 
2023-06-10 22:23:40,678 - INFO - 节点3在2023-06-10 22:23:40.677381:电池异常 温度异常 湿度异常 光照异常 
2023-06-10 22:23:40,685 - INFO - 节点2在2023-06-10 22:23:40.685190:电池异常 湿度异常 光照异常 
2023-06-10 22:23:40,695 - INFO - 节点1在2023-06-10 22:23:40.695926:电池异常 
2023-06-10 22:23:40,903 - INFO - 节点2在2023-06-10 22:23:40.903844:电池异常 湿度异常 光照异常 
2023-06-10 22:23:40,905 - INFO - 节点3在2023-06-10 22:23:40.905764:电池异常 温度异常 湿度异常 光照异常 
2023-06-10 22:23:40,912 - INFO - 节点1在2023-06-10 22:23:40.912598:电池异常 
2023-06-10 22:23:41,407 - INFO - 节点2在2023-06-10 22:23:41.407461:电池异常 湿度异常 光照异常 
2023-06-10 22:23:41,408 - INFO - 节点3在2023-06-10 22:23:41.408436:电池异常 温度异常 湿度异常 光照异常 
2023-06-10 22:23:41,414 - INFO - 节点1在2023-06-10 22:23:41.414294:电池异常 
2023-06-10 22:23:41,909 - INFO - 节点3在2023-06-10 22:23:41.909669:电池异常 温度异常 湿度异常 光照异常 
2023-06-10 22:23:41,910 - INFO - 节点2在2023-06-10 22:23:41.910645:电池异常 湿度异常 光照异常 
2023-06-10 22:23:41,920 - INFO - 节点1在2023-06-10 22:23:41.920405:电池异常 
2023-06-10 22:23:42,414 - INFO - 节点3在2023-06-10 22:23:42.414384:电池异常 温度异常 湿度异常 光照异常 
2023-06-10 22:23:42,415 - INFO - 节点2在2023-06-10 22:23:42.415360:电池异常 湿度异常 光照异常 
2023-06-10 22:23:42,417 - INFO - 节点1在2023-06-10 22:23:42.417312:电池异常 
2023-06-10 22:23:42,917 - INFO - 节点2在2023-06-10 22:23:42.917431:电池异常 湿度异常 光照异常 
2023-06-10 22:23:42,925 - INFO - 节点3在2023-06-10 22:23:42.925240:电池异常 温度异常 湿度异常 光照异常 
2023-06-10 22:23:42,928 - INFO - 节点1在2023-06-10 22:23:42.928168:电池异常 
2023-06-10 22:23:43,487 - INFO - 节点3在2023-06-10 22:23:43.487445:电池异常 温度异常 湿度异常 光照异常 
2023-06-10 22:23:43,491 - INFO - 节点2在2023-06-10 22:23:43.491350:电池异常 湿度异常 光照异常 
2023-06-10 22:23:43,519 - INFO - 节点1在2023-06-10 22:23:43.519255:电池异常 
2023-06-10 22:23:43,905 - INFO - 节点2在2023-06-10 22:23:43.905751:电池异常 湿度异常 光照异常 
2023-06-10 22:23:43,908 - INFO - 节点3在2023-06-10 22:23:43.908680:电池异常 温度异常 湿度异常 光照异常 
2023-06-10 22:23:43,913 - INFO - 节点1在2023-06-10 22:23:43.913561:电池异常 
2023-06-10 22:23:44,408 - INFO - 节点3在2023-06-10 22:23:44.408126:电池异常 温度异常 湿度异常 光照异常 
2023-06-10 22:23:44,411 - INFO - 节点2在2023-06-10 22:23:44.411054:电池异常 湿度异常 光照异常 
2023-06-10 22:23:44,418 - INFO - 节点1在2023-06-10 22:23:44.418862:电池异常 
2023-06-10 22:23:44,905 - INFO - 节点3在2023-06-10 22:23:44.905481:电池异常 温度异常 湿度异常 光照异常 
2023-06-10 22:23:44,908 - INFO - 节点2在2023-06-10 22:23:44.908411:电池异常 湿度异常 光照异常 
2023-06-10 22:23:44,913 - INFO - 节点1在2023-06-10 22:23:44.913289:电池异常 
